d:\desktop\qtwidgetsapplication1\qtwidgetsapplication1\x64\debug\main.obj
d:\desktop\qtwidgetsapplication1\qtwidgetsapplication1\x64\debug\vc143.pdb
d:\desktop\qtwidgetsapplication1\qtwidgetsapplication1\x64\debug\vc143.idb
d:\desktop\qtwidgetsapplication1\qtwidgetsapplication1\x64\debug\qtwidgetsapplication1.obj
d:\desktop\qtwidgetsapplication1\qtwidgetsapplication1\x64\debug\qrc_qtwidgetsapplication1.obj
d:\desktop\qtwidgetsapplication1\qtwidgetsapplication1\x64\debug\moc_qtwidgetsapplication1.obj
d:\desktop\qtwidgetsapplication1\qtwidgetsapplication1\x64\debug\qt\moc\moc_qtwidgetsapplication1.cpp
d:\desktop\qtwidgetsapplication1\qtwidgetsapplication1\x64\debug\qt\uic\ui_qtwidgetsapplication1.h
d:\desktop\qtwidgetsapplication1\qtwidgetsapplication1\x64\debug\qt\rcc\qrc_qtwidgetsapplication1.cpp
d:\desktop\qtwidgetsapplication1\x64\debug\qtwidgetsapplication1.pdb
d:\desktop\qtwidgetsapplication1\qtwidgetsapplication1\x64\debug\qtwidget.7ad7a52f.tlog\cl.command.1.tlog
d:\desktop\qtwidgetsapplication1\qtwidgetsapplication1\x64\debug\qtwidget.7ad7a52f.tlog\cl.read.1.tlog
d:\desktop\qtwidgetsapplication1\qtwidgetsapplication1\x64\debug\qtwidget.7ad7a52f.tlog\cl.write.1.tlog
d:\desktop\qtwidgetsapplication1\qtwidgetsapplication1\x64\debug\qtwidget.7ad7a52f.tlog\link-cvtres.read.1.tlog
d:\desktop\qtwidgetsapplication1\qtwidgetsapplication1\x64\debug\qtwidget.7ad7a52f.tlog\link-cvtres.write.1.tlog
d:\desktop\qtwidgetsapplication1\qtwidgetsapplication1\x64\debug\qtwidget.7ad7a52f.tlog\link-rc.read.1.tlog
d:\desktop\qtwidgetsapplication1\qtwidgetsapplication1\x64\debug\qtwidget.7ad7a52f.tlog\link-rc.write.1.tlog
d:\desktop\qtwidgetsapplication1\qtwidgetsapplication1\x64\debug\qtwidget.7ad7a52f.tlog\link.command.1.tlog
d:\desktop\qtwidgetsapplication1\qtwidgetsapplication1\x64\debug\qtwidget.7ad7a52f.tlog\link.read.1.tlog
d:\desktop\qtwidgetsapplication1\qtwidgetsapplication1\x64\debug\qtwidget.7ad7a52f.tlog\link.read.2.tlog
d:\desktop\qtwidgetsapplication1\qtwidgetsapplication1\x64\debug\qtwidget.7ad7a52f.tlog\link.read.3.tlog
d:\desktop\qtwidgetsapplication1\qtwidgetsapplication1\x64\debug\qtwidget.7ad7a52f.tlog\link.read.5.tlog
d:\desktop\qtwidgetsapplication1\qtwidgetsapplication1\x64\debug\qtwidget.7ad7a52f.tlog\link.write.1.tlog
d:\desktop\qtwidgetsapplication1\qtwidgetsapplication1\x64\debug\qtwidget.7ad7a52f.tlog\moc.read.1u.tlog
d:\desktop\qtwidgetsapplication1\qtwidgetsapplication1\x64\debug\qtwidget.7ad7a52f.tlog\moc.write.1u.tlog
d:\desktop\qtwidgetsapplication1\qtwidgetsapplication1\x64\debug\qtwidget.7ad7a52f.tlog\qtwidgetsapplication1.write.1u.tlog
d:\desktop\qtwidgetsapplication1\qtwidgetsapplication1\x64\debug\qtwidget.7ad7a52f.tlog\rcc.read.1u.tlog
d:\desktop\qtwidgetsapplication1\qtwidgetsapplication1\x64\debug\qtwidget.7ad7a52f.tlog\rcc.write.1u.tlog
d:\desktop\qtwidgetsapplication1\qtwidgetsapplication1\x64\debug\qtwidget.7ad7a52f.tlog\uic.read.1u.tlog
d:\desktop\qtwidgetsapplication1\qtwidgetsapplication1\x64\debug\qtwidget.7ad7a52f.tlog\uic.write.1u.tlog
